mode: atomic
chronos-kubernetes-scheduler/internal/scheduler/batch_scheduler.go:106.83,111.19 4 3
chronos-kubernetes-scheduler/internal/scheduler/batch_scheduler.go:111.19,113.3 1 0
chronos-kubernetes-scheduler/internal/scheduler/batch_scheduler.go:115.2,124.11 3 3
chronos-kubernetes-scheduler/internal/scheduler/batch_scheduler.go:127.54,132.90 2 24
chronos-kubernetes-scheduler/internal/scheduler/batch_scheduler.go:132.90,134.3 1 2
chronos-kubernetes-scheduler/internal/scheduler/batch_scheduler.go:135.2,135.85 1 24
chronos-kubernetes-scheduler/internal/scheduler/batch_scheduler.go:135.85,137.3 1 3
chronos-kubernetes-scheduler/internal/scheduler/batch_scheduler.go:138.2,138.15 1 24
chronos-kubernetes-scheduler/internal/scheduler/batch_scheduler.go:141.35,143.16 2 6
chronos-kubernetes-scheduler/internal/scheduler/batch_scheduler.go:143.16,146.3 2 4
chronos-kubernetes-scheduler/internal/scheduler/batch_scheduler.go:147.2,149.18 3 2
chronos-kubernetes-scheduler/internal/scheduler/batch_scheduler.go:153.56,157.2 3 8
chronos-kubernetes-scheduler/internal/scheduler/batch_scheduler.go:160.89,163.22 3 1
chronos-kubernetes-scheduler/internal/scheduler/batch_scheduler.go:163.22,165.3 1 1
chronos-kubernetes-scheduler/internal/scheduler/batch_scheduler.go:166.2,167.20 2 1
chronos-kubernetes-scheduler/internal/scheduler/batch_scheduler.go:171.44,175.2 3 0
chronos-kubernetes-scheduler/internal/scheduler/batch_scheduler.go:178.52,182.2 3 1
chronos-kubernetes-scheduler/internal/scheduler/batch_scheduler.go:184.38,187.6 3 6
chronos-kubernetes-scheduler/internal/scheduler/batch_scheduler.go:187.6,189.10 2 8
chronos-kubernetes-scheduler/internal/scheduler/batch_scheduler.go:190.21,191.10 1 6
chronos-kubernetes-scheduler/internal/scheduler/batch_scheduler.go:192.19,196.27 4 2
chronos-kubernetes-scheduler/internal/scheduler/batch_scheduler.go:201.42,203.41 2 7
chronos-kubernetes-scheduler/internal/scheduler/batch_scheduler.go:203.41,204.17 1 5
chronos-kubernetes-scheduler/internal/scheduler/batch_scheduler.go:204.17,206.4 1 2
chronos-kubernetes-scheduler/internal/scheduler/batch_scheduler.go:207.3,207.9 1 5
chronos-kubernetes-scheduler/internal/scheduler/batch_scheduler.go:210.2,210.34 1 2
chronos-kubernetes-scheduler/internal/scheduler/batch_scheduler.go:210.34,212.3 1 2
chronos-kubernetes-scheduler/internal/scheduler/batch_scheduler.go:213.2,213.15 1 2
chronos-kubernetes-scheduler/internal/scheduler/batch_scheduler.go:213.15,214.35 1 2
chronos-kubernetes-scheduler/internal/scheduler/batch_scheduler.go:214.35,216.4 1 2
chronos-kubernetes-scheduler/internal/scheduler/batch_scheduler.go:219.2,222.24 3 2
chronos-kubernetes-scheduler/internal/scheduler/batch_scheduler.go:222.24,225.3 2 0
chronos-kubernetes-scheduler/internal/scheduler/batch_scheduler.go:227.2,228.35 2 2
chronos-kubernetes-scheduler/internal/scheduler/batch_scheduler.go:228.35,229.17 1 1
chronos-kubernetes-scheduler/internal/scheduler/batch_scheduler.go:229.17,231.4 1 0
chronos-kubernetes-scheduler/internal/scheduler/batch_scheduler.go:231.9,233.4 1 1
chronos-kubernetes-scheduler/internal/scheduler/batch_scheduler.go:234.3,234.9 1 1
chronos-kubernetes-scheduler/internal/scheduler/batch_scheduler.go:236.2,246.119 7 1
chronos-kubernetes-scheduler/internal/scheduler/batch_scheduler.go:249.65,250.25 1 14
chronos-kubernetes-scheduler/internal/scheduler/batch_scheduler.go:250.25,252.3 1 4
chronos-kubernetes-scheduler/internal/scheduler/batch_scheduler.go:253.2,260.16 3 10
chronos-kubernetes-scheduler/internal/scheduler/batch_scheduler.go:260.16,262.3 1 1
chronos-kubernetes-scheduler/internal/scheduler/batch_scheduler.go:264.2,265.31 2 9
chronos-kubernetes-scheduler/internal/scheduler/batch_scheduler.go:265.31,267.30 2 8
chronos-kubernetes-scheduler/internal/scheduler/batch_scheduler.go:267.30,268.59 1 6
chronos-kubernetes-scheduler/internal/scheduler/batch_scheduler.go:268.59,270.5 1 5
chronos-kubernetes-scheduler/internal/scheduler/batch_scheduler.go:275.2,275.85 1 9
chronos-kubernetes-scheduler/internal/scheduler/batch_scheduler.go:275.85,276.51 1 0
chronos-kubernetes-scheduler/internal/scheduler/batch_scheduler.go:276.51,278.4 1 0
chronos-kubernetes-scheduler/internal/scheduler/batch_scheduler.go:279.3,279.63 1 0
chronos-kubernetes-scheduler/internal/scheduler/batch_scheduler.go:280.8,280.37 1 9
chronos-kubernetes-scheduler/internal/scheduler/batch_scheduler.go:280.37,282.51 1 5
chronos-kubernetes-scheduler/internal/scheduler/batch_scheduler.go:282.51,284.4 1 0
chronos-kubernetes-scheduler/internal/scheduler/batch_scheduler.go:286.2,286.29 1 9
chronos-kubernetes-scheduler/internal/scheduler/batch_scheduler.go:289.78,291.27 2 6
chronos-kubernetes-scheduler/internal/scheduler/batch_scheduler.go:291.27,292.75 1 13
chronos-kubernetes-scheduler/internal/scheduler/batch_scheduler.go:292.75,293.87 1 11
chronos-kubernetes-scheduler/internal/scheduler/batch_scheduler.go:293.87,294.37 1 10
chronos-kubernetes-scheduler/internal/scheduler/batch_scheduler.go:294.37,300.6 2 9
chronos-kubernetes-scheduler/internal/scheduler/batch_scheduler.go:300.11,304.6 2 1
chronos-kubernetes-scheduler/internal/scheduler/batch_scheduler.go:308.2,308.17 1 6
chronos-kubernetes-scheduler/internal/scheduler/batch_scheduler.go:311.66,312.37 1 29
chronos-kubernetes-scheduler/internal/scheduler/batch_scheduler.go:312.37,314.3 1 13
chronos-kubernetes-scheduler/internal/scheduler/batch_scheduler.go:315.2,315.48 1 16
chronos-kubernetes-scheduler/internal/scheduler/batch_scheduler.go:315.48,316.31 1 24
chronos-kubernetes-scheduler/internal/scheduler/batch_scheduler.go:316.31,318.4 1 10
chronos-kubernetes-scheduler/internal/scheduler/batch_scheduler.go:320.2,320.13 1 6
chronos-kubernetes-scheduler/internal/scheduler/batch_scheduler.go:323.67,324.25 1 9
chronos-kubernetes-scheduler/internal/scheduler/batch_scheduler.go:324.25,326.3 1 2
chronos-kubernetes-scheduler/internal/scheduler/batch_scheduler.go:327.2,328.16 2 7
chronos-kubernetes-scheduler/internal/scheduler/batch_scheduler.go:328.16,330.3 1 1
chronos-kubernetes-scheduler/internal/scheduler/batch_scheduler.go:331.2,332.32 2 6
chronos-kubernetes-scheduler/internal/scheduler/batch_scheduler.go:332.32,334.30 2 6
chronos-kubernetes-scheduler/internal/scheduler/batch_scheduler.go:334.30,335.12 1 2
chronos-kubernetes-scheduler/internal/scheduler/batch_scheduler.go:337.3,337.47 1 4
chronos-kubernetes-scheduler/internal/scheduler/batch_scheduler.go:337.47,338.68 1 3
chronos-kubernetes-scheduler/internal/scheduler/batch_scheduler.go:338.68,340.10 2 2
chronos-kubernetes-scheduler/internal/scheduler/batch_scheduler.go:344.2,344.28 1 6
chronos-kubernetes-scheduler/internal/scheduler/batch_scheduler.go:347.81,349.29 2 6
chronos-kubernetes-scheduler/internal/scheduler/batch_scheduler.go:349.29,354.23 3 4
chronos-kubernetes-scheduler/internal/scheduler/batch_scheduler.go:354.23,356.4 1 0
chronos-kubernetes-scheduler/internal/scheduler/batch_scheduler.go:356.9,360.4 2 4
chronos-kubernetes-scheduler/internal/scheduler/batch_scheduler.go:361.3,361.17 1 4
chronos-kubernetes-scheduler/internal/scheduler/batch_scheduler.go:361.17,363.12 2 0
chronos-kubernetes-scheduler/internal/scheduler/batch_scheduler.go:367.3,369.25 3 4
chronos-kubernetes-scheduler/internal/scheduler/batch_scheduler.go:369.25,371.4 1 0
chronos-kubernetes-scheduler/internal/scheduler/batch_scheduler.go:374.3,379.41 5 4
chronos-kubernetes-scheduler/internal/scheduler/batch_scheduler.go:379.41,380.58 1 0
chronos-kubernetes-scheduler/internal/scheduler/batch_scheduler.go:380.58,383.5 2 0
chronos-kubernetes-scheduler/internal/scheduler/batch_scheduler.go:386.3,388.23 3 4
chronos-kubernetes-scheduler/internal/scheduler/batch_scheduler.go:388.23,390.4 1 0
chronos-kubernetes-scheduler/internal/scheduler/batch_scheduler.go:391.3,391.26 1 4
chronos-kubernetes-scheduler/internal/scheduler/batch_scheduler.go:391.26,393.4 1 0
chronos-kubernetes-scheduler/internal/scheduler/batch_scheduler.go:395.3,405.96 2 4
chronos-kubernetes-scheduler/internal/scheduler/batch_scheduler.go:407.2,407.19 1 6
chronos-kubernetes-scheduler/internal/scheduler/batch_scheduler.go:410.158,411.43 1 12
chronos-kubernetes-scheduler/internal/scheduler/batch_scheduler.go:411.43,413.3 1 4
chronos-kubernetes-scheduler/internal/scheduler/batch_scheduler.go:415.2,418.31 3 12
chronos-kubernetes-scheduler/internal/scheduler/batch_scheduler.go:418.31,426.39 5 14
chronos-kubernetes-scheduler/internal/scheduler/batch_scheduler.go:426.39,427.33 1 19
chronos-kubernetes-scheduler/internal/scheduler/batch_scheduler.go:427.33,430.13 3 0
chronos-kubernetes-scheduler/internal/scheduler/batch_scheduler.go:432.4,432.52 1 19
chronos-kubernetes-scheduler/internal/scheduler/batch_scheduler.go:432.52,433.13 1 1
chronos-kubernetes-scheduler/internal/scheduler/batch_scheduler.go:437.4,437.42 1 18
chronos-kubernetes-scheduler/internal/scheduler/batch_scheduler.go:437.42,442.13 4 3
chronos-kubernetes-scheduler/internal/scheduler/batch_scheduler.go:444.4,444.48 1 15
chronos-kubernetes-scheduler/internal/scheduler/batch_scheduler.go:444.48,449.13 4 0
chronos-kubernetes-scheduler/internal/scheduler/batch_scheduler.go:453.4,453.41 1 15
chronos-kubernetes-scheduler/internal/scheduler/batch_scheduler.go:453.41,455.13 2 0
chronos-kubernetes-scheduler/internal/scheduler/batch_scheduler.go:459.4,460.25 2 15
chronos-kubernetes-scheduler/internal/scheduler/batch_scheduler.go:460.25,463.5 2 10
chronos-kubernetes-scheduler/internal/scheduler/batch_scheduler.go:466.3,466.25 1 14
chronos-kubernetes-scheduler/internal/scheduler/batch_scheduler.go:466.25,467.40 1 10
chronos-kubernetes-scheduler/internal/scheduler/batch_scheduler.go:467.40,469.5 1 6
chronos-kubernetes-scheduler/internal/scheduler/batch_scheduler.go:470.4,478.56 7 10
chronos-kubernetes-scheduler/internal/scheduler/batch_scheduler.go:478.56,480.5 1 6
chronos-kubernetes-scheduler/internal/scheduler/batch_scheduler.go:482.4,483.106 1 10
chronos-kubernetes-scheduler/internal/scheduler/batch_scheduler.go:484.9,484.42 1 4
chronos-kubernetes-scheduler/internal/scheduler/batch_scheduler.go:484.42,487.4 1 2
chronos-kubernetes-scheduler/internal/scheduler/batch_scheduler.go:490.2,491.31 2 12
chronos-kubernetes-scheduler/internal/scheduler/batch_scheduler.go:491.31,492.34 1 14
chronos-kubernetes-scheduler/internal/scheduler/batch_scheduler.go:492.34,494.4 1 4
chronos-kubernetes-scheduler/internal/scheduler/batch_scheduler.go:496.2,496.36 1 12
chronos-kubernetes-scheduler/internal/scheduler/batch_scheduler.go:500.73,501.48 1 25
chronos-kubernetes-scheduler/internal/scheduler/batch_scheduler.go:501.48,504.3 2 21
chronos-kubernetes-scheduler/internal/scheduler/batch_scheduler.go:505.2,505.8 1 25
chronos-kubernetes-scheduler/internal/scheduler/batch_scheduler.go:510.77,512.39 1 18
chronos-kubernetes-scheduler/internal/scheduler/batch_scheduler.go:512.39,515.3 2 18
chronos-kubernetes-scheduler/internal/scheduler/batch_scheduler.go:517.2,518.16 2 0
chronos-kubernetes-scheduler/internal/scheduler/batch_scheduler.go:518.16,521.3 2 0
chronos-kubernetes-scheduler/internal/scheduler/batch_scheduler.go:523.2,524.27 2 0
chronos-kubernetes-scheduler/internal/scheduler/batch_scheduler.go:527.80,528.34 1 45
chronos-kubernetes-scheduler/internal/scheduler/batch_scheduler.go:528.34,530.3 1 20
chronos-kubernetes-scheduler/internal/scheduler/batch_scheduler.go:531.2,531.48 1 25
chronos-kubernetes-scheduler/internal/scheduler/batch_scheduler.go:531.48,533.37 2 31
chronos-kubernetes-scheduler/internal/scheduler/batch_scheduler.go:533.37,535.4 1 14
chronos-kubernetes-scheduler/internal/scheduler/batch_scheduler.go:537.2,537.13 1 11
chronos-kubernetes-scheduler/internal/scheduler/batch_scheduler.go:540.113,541.37 1 6
chronos-kubernetes-scheduler/internal/scheduler/batch_scheduler.go:541.37,542.70 1 7
chronos-kubernetes-scheduler/internal/scheduler/batch_scheduler.go:542.70,543.12 1 1
chronos-kubernetes-scheduler/internal/scheduler/batch_scheduler.go:545.3,546.36 2 6
chronos-kubernetes-scheduler/internal/scheduler/batch_scheduler.go:546.36,547.47 1 6
chronos-kubernetes-scheduler/internal/scheduler/batch_scheduler.go:547.47,549.10 2 2
chronos-kubernetes-scheduler/internal/scheduler/batch_scheduler.go:552.3,552.31 1 6
chronos-kubernetes-scheduler/internal/scheduler/batch_scheduler.go:552.31,556.4 2 4
chronos-kubernetes-scheduler/internal/scheduler/batch_scheduler.go:561.103,562.25 1 6
chronos-kubernetes-scheduler/internal/scheduler/batch_scheduler.go:562.25,565.42 3 2
chronos-kubernetes-scheduler/internal/scheduler/batch_scheduler.go:565.42,567.4 1 2
chronos-kubernetes-scheduler/internal/scheduler/batch_scheduler.go:568.3,568.22 1 2
chronos-kubernetes-scheduler/internal/scheduler/batch_scheduler.go:571.2,574.41 3 4
chronos-kubernetes-scheduler/internal/scheduler/batch_scheduler.go:574.41,575.39 1 3
chronos-kubernetes-scheduler/internal/scheduler/batch_scheduler.go:575.39,577.40 2 4
chronos-kubernetes-scheduler/internal/scheduler/batch_scheduler.go:577.40,585.19 4 4
chronos-kubernetes-scheduler/internal/scheduler/batch_scheduler.go:585.19,590.6 4 0
chronos-kubernetes-scheduler/internal/scheduler/batch_scheduler.go:592.5,596.19 3 4
chronos-kubernetes-scheduler/internal/scheduler/batch_scheduler.go:596.19,598.6 1 0
chronos-kubernetes-scheduler/internal/scheduler/batch_scheduler.go:599.5,599.21 1 4
chronos-kubernetes-scheduler/internal/scheduler/batch_scheduler.go:603.2,604.40 2 4
chronos-kubernetes-scheduler/internal/scheduler/batch_scheduler.go:608.66,609.25 1 10
chronos-kubernetes-scheduler/internal/scheduler/batch_scheduler.go:609.25,611.3 1 2
chronos-kubernetes-scheduler/internal/scheduler/batch_scheduler.go:614.2,615.16 2 8
chronos-kubernetes-scheduler/internal/scheduler/batch_scheduler.go:615.16,617.3 1 1
chronos-kubernetes-scheduler/internal/scheduler/batch_scheduler.go:619.2,619.29 1 7
chronos-kubernetes-scheduler/internal/scheduler/batch_scheduler.go:619.29,621.3 1 6
chronos-kubernetes-scheduler/internal/scheduler/batch_scheduler.go:622.2,625.22 3 7
chronos-kubernetes-scheduler/internal/scheduler/batch_scheduler.go:625.22,627.3 1 1
chronos-kubernetes-scheduler/internal/scheduler/batch_scheduler.go:628.2,628.12 1 6
chronos-kubernetes-scheduler/internal/scheduler/batch_scheduler.go:632.61,633.25 1 6
chronos-kubernetes-scheduler/internal/scheduler/batch_scheduler.go:633.25,636.3 2 2
chronos-kubernetes-scheduler/internal/scheduler/batch_scheduler.go:639.2,640.16 2 4
chronos-kubernetes-scheduler/internal/scheduler/batch_scheduler.go:640.16,643.3 2 1
chronos-kubernetes-scheduler/internal/scheduler/batch_scheduler.go:645.2,645.29 1 3
chronos-kubernetes-scheduler/internal/scheduler/batch_scheduler.go:645.29,647.3 1 2
chronos-kubernetes-scheduler/internal/scheduler/batch_scheduler.go:648.2,651.22 3 3
chronos-kubernetes-scheduler/internal/scheduler/batch_scheduler.go:651.22,653.3 1 1
chronos-kubernetes-scheduler/internal/scheduler/plugin.go:47.95,56.43 4 21
chronos-kubernetes-scheduler/internal/scheduler/plugin.go:56.43,61.3 4 0
chronos-kubernetes-scheduler/internal/scheduler/plugin.go:61.8,61.50 1 21
chronos-kubernetes-scheduler/internal/scheduler/plugin.go:61.50,65.3 2 4
chronos-kubernetes-scheduler/internal/scheduler/plugin.go:65.8,68.3 2 17
chronos-kubernetes-scheduler/internal/scheduler/plugin.go:70.2,70.21 1 21
chronos-kubernetes-scheduler/internal/scheduler/plugin.go:73.33,75.2 1 9
chronos-kubernetes-scheduler/internal/scheduler/plugin.go:77.130,81.9 3 18
chronos-kubernetes-scheduler/internal/scheduler/plugin.go:81.9,83.3 1 3
chronos-kubernetes-scheduler/internal/scheduler/plugin.go:86.2,86.24 1 15
chronos-kubernetes-scheduler/internal/scheduler/plugin.go:86.24,87.58 1 2
chronos-kubernetes-scheduler/internal/scheduler/plugin.go:87.58,90.4 2 1
chronos-kubernetes-scheduler/internal/scheduler/plugin.go:92.3,93.51 2 1
chronos-kubernetes-scheduler/internal/scheduler/plugin.go:97.2,98.16 2 13
chronos-kubernetes-scheduler/internal/scheduler/plugin.go:98.16,101.3 2 2
chronos-kubernetes-scheduler/internal/scheduler/plugin.go:102.2,105.16 3 11
chronos-kubernetes-scheduler/internal/scheduler/plugin.go:105.16,108.3 2 1
chronos-kubernetes-scheduler/internal/scheduler/plugin.go:110.2,116.54 4 8
chronos-kubernetes-scheduler/internal/scheduler/plugin.go:120.87,121.20 1 14
chronos-kubernetes-scheduler/internal/scheduler/plugin.go:121.20,123.3 1 6
chronos-kubernetes-scheduler/internal/scheduler/plugin.go:124.2,126.31 3 8
chronos-kubernetes-scheduler/internal/scheduler/plugin.go:126.31,128.78 2 31
chronos-kubernetes-scheduler/internal/scheduler/plugin.go:128.78,129.12 1 3
chronos-kubernetes-scheduler/internal/scheduler/plugin.go:131.3,132.14 2 28
chronos-kubernetes-scheduler/internal/scheduler/plugin.go:132.14,133.12 1 3
chronos-kubernetes-scheduler/internal/scheduler/plugin.go:136.3,140.17 3 25
chronos-kubernetes-scheduler/internal/scheduler/plugin.go:140.17,142.4 1 22
chronos-kubernetes-scheduler/internal/scheduler/plugin.go:142.9,142.48 1 3
chronos-kubernetes-scheduler/internal/scheduler/plugin.go:142.48,145.19 2 0
chronos-kubernetes-scheduler/internal/scheduler/plugin.go:145.19,146.13 1 0
chronos-kubernetes-scheduler/internal/scheduler/plugin.go:148.4,148.38 1 0
chronos-kubernetes-scheduler/internal/scheduler/plugin.go:149.9,150.12 1 3
chronos-kubernetes-scheduler/internal/scheduler/plugin.go:153.3,153.20 1 22
chronos-kubernetes-scheduler/internal/scheduler/plugin.go:153.20,154.12 1 0
chronos-kubernetes-scheduler/internal/scheduler/plugin.go:157.3,158.34 2 22
chronos-kubernetes-scheduler/internal/scheduler/plugin.go:158.34,160.4 1 18
chronos-kubernetes-scheduler/internal/scheduler/plugin.go:160.9,160.37 1 4
chronos-kubernetes-scheduler/internal/scheduler/plugin.go:160.37,162.4 1 0
chronos-kubernetes-scheduler/internal/scheduler/plugin.go:162.9,163.12 1 4
chronos-kubernetes-scheduler/internal/scheduler/plugin.go:165.3,166.27 2 18
chronos-kubernetes-scheduler/internal/scheduler/plugin.go:166.27,168.4 1 5
chronos-kubernetes-scheduler/internal/scheduler/plugin.go:169.3,169.42 1 18
chronos-kubernetes-scheduler/internal/scheduler/plugin.go:169.42,171.4 1 7
chronos-kubernetes-scheduler/internal/scheduler/plugin.go:173.2,173.25 1 8
chronos-kubernetes-scheduler/internal/scheduler/plugin.go:177.112,184.26 2 1353
chronos-kubernetes-scheduler/internal/scheduler/plugin.go:184.26,185.41 1 1301
chronos-kubernetes-scheduler/internal/scheduler/plugin.go:185.41,190.4 3 668
chronos-kubernetes-scheduler/internal/scheduler/plugin.go:192.3,195.15 4 633
chronos-kubernetes-scheduler/internal/scheduler/plugin.go:199.2,200.33 2 52
chronos-kubernetes-scheduler/internal/scheduler/plugin.go:203.63,205.2 1 5
chronos-kubernetes-scheduler/internal/scheduler/plugin.go:207.147,209.35 2 8
chronos-kubernetes-scheduler/internal/scheduler/plugin.go:209.35,210.33 1 20
chronos-kubernetes-scheduler/internal/scheduler/plugin.go:210.33,212.4 1 8
chronos-kubernetes-scheduler/internal/scheduler/plugin.go:213.3,213.33 1 20
chronos-kubernetes-scheduler/internal/scheduler/plugin.go:213.33,215.4 1 15
chronos-kubernetes-scheduler/internal/scheduler/plugin.go:217.2,217.26 1 8
chronos-kubernetes-scheduler/internal/scheduler/plugin.go:217.26,218.25 1 2
chronos-kubernetes-scheduler/internal/scheduler/plugin.go:218.25,220.4 1 6
chronos-kubernetes-scheduler/internal/scheduler/plugin.go:221.3,221.13 1 2
chronos-kubernetes-scheduler/internal/scheduler/plugin.go:223.2,223.35 1 6
chronos-kubernetes-scheduler/internal/scheduler/plugin.go:223.35,225.3 1 14
chronos-kubernetes-scheduler/internal/scheduler/plugin.go:226.2,226.12 1 6
chronos-kubernetes-scheduler/cmd/scheduler/main.go:29.13,34.42 2 0
chronos-kubernetes-scheduler/cmd/scheduler/main.go:34.42,37.3 2 0
