mode: set
chronos-kubernetes-scheduler/internal/scheduler/batch_scheduler.go:133.83,153.2 5 1
chronos-kubernetes-scheduler/internal/scheduler/batch_scheduler.go:156.80,161.46 3 1
chronos-kubernetes-scheduler/internal/scheduler/batch_scheduler.go:161.46,162.44 1 1
chronos-kubernetes-scheduler/internal/scheduler/batch_scheduler.go:162.44,166.4 3 1
chronos-kubernetes-scheduler/internal/scheduler/batch_scheduler.go:168.2,175.19 5 1
chronos-kubernetes-scheduler/internal/scheduler/batch_scheduler.go:175.19,177.3 1 1
chronos-kubernetes-scheduler/internal/scheduler/batch_scheduler.go:180.2,182.48 3 1
chronos-kubernetes-scheduler/internal/scheduler/batch_scheduler.go:182.48,185.3 2 1
chronos-kubernetes-scheduler/internal/scheduler/batch_scheduler.go:187.2,191.35 3 1
chronos-kubernetes-scheduler/internal/scheduler/batch_scheduler.go:191.35,193.3 1 1
chronos-kubernetes-scheduler/internal/scheduler/batch_scheduler.go:195.2,202.26 3 1
chronos-kubernetes-scheduler/internal/scheduler/batch_scheduler.go:206.40,211.49 4 1
chronos-kubernetes-scheduler/internal/scheduler/batch_scheduler.go:211.49,213.3 1 1
chronos-kubernetes-scheduler/internal/scheduler/batch_scheduler.go:215.2,216.36 2 1
chronos-kubernetes-scheduler/internal/scheduler/batch_scheduler.go:216.36,217.40 1 1
chronos-kubernetes-scheduler/internal/scheduler/batch_scheduler.go:217.40,220.4 2 1
chronos-kubernetes-scheduler/internal/scheduler/batch_scheduler.go:223.2,226.17 3 1
chronos-kubernetes-scheduler/internal/scheduler/batch_scheduler.go:226.17,228.3 1 1
chronos-kubernetes-scheduler/internal/scheduler/batch_scheduler.go:232.60,233.39 1 1
chronos-kubernetes-scheduler/internal/scheduler/batch_scheduler.go:233.39,235.3 1 1
chronos-kubernetes-scheduler/internal/scheduler/batch_scheduler.go:238.2,244.36 3 1
chronos-kubernetes-scheduler/internal/scheduler/batch_scheduler.go:244.36,246.3 1 1
chronos-kubernetes-scheduler/internal/scheduler/batch_scheduler.go:249.2,249.42 1 1
chronos-kubernetes-scheduler/internal/scheduler/batch_scheduler.go:249.42,251.3 1 1
chronos-kubernetes-scheduler/internal/scheduler/batch_scheduler.go:254.2,255.36 2 1
chronos-kubernetes-scheduler/internal/scheduler/batch_scheduler.go:255.36,257.3 1 1
chronos-kubernetes-scheduler/internal/scheduler/batch_scheduler.go:259.2,260.39 2 1
chronos-kubernetes-scheduler/internal/scheduler/batch_scheduler.go:260.39,264.3 3 1
chronos-kubernetes-scheduler/internal/scheduler/batch_scheduler.go:266.2,266.17 1 1
chronos-kubernetes-scheduler/internal/scheduler/batch_scheduler.go:266.17,268.3 1 1
chronos-kubernetes-scheduler/internal/scheduler/batch_scheduler.go:271.54,277.65 2 1
chronos-kubernetes-scheduler/internal/scheduler/batch_scheduler.go:277.65,278.62 1 1
chronos-kubernetes-scheduler/internal/scheduler/batch_scheduler.go:278.62,280.4 1 1
chronos-kubernetes-scheduler/internal/scheduler/batch_scheduler.go:280.9,282.4 1 1
chronos-kubernetes-scheduler/internal/scheduler/batch_scheduler.go:284.2,284.59 1 1
chronos-kubernetes-scheduler/internal/scheduler/batch_scheduler.go:284.59,285.62 1 1
chronos-kubernetes-scheduler/internal/scheduler/batch_scheduler.go:285.62,287.4 1 1
chronos-kubernetes-scheduler/internal/scheduler/batch_scheduler.go:287.9,289.4 1 1
chronos-kubernetes-scheduler/internal/scheduler/batch_scheduler.go:291.2,291.67 1 1
chronos-kubernetes-scheduler/internal/scheduler/batch_scheduler.go:291.67,292.62 1 1
chronos-kubernetes-scheduler/internal/scheduler/batch_scheduler.go:292.62,294.4 1 0
chronos-kubernetes-scheduler/internal/scheduler/batch_scheduler.go:294.9,296.4 1 1
chronos-kubernetes-scheduler/internal/scheduler/batch_scheduler.go:298.2,298.15 1 1
chronos-kubernetes-scheduler/internal/scheduler/batch_scheduler.go:301.35,303.16 2 1
chronos-kubernetes-scheduler/internal/scheduler/batch_scheduler.go:303.16,306.3 2 1
chronos-kubernetes-scheduler/internal/scheduler/batch_scheduler.go:307.2,309.18 3 1
chronos-kubernetes-scheduler/internal/scheduler/batch_scheduler.go:313.34,317.17 3 1
chronos-kubernetes-scheduler/internal/scheduler/batch_scheduler.go:317.17,319.3 1 1
chronos-kubernetes-scheduler/internal/scheduler/batch_scheduler.go:320.2,322.43 3 1
chronos-kubernetes-scheduler/internal/scheduler/batch_scheduler.go:326.38,332.6 4 1
chronos-kubernetes-scheduler/internal/scheduler/batch_scheduler.go:332.6,333.10 1 1
chronos-kubernetes-scheduler/internal/scheduler/batch_scheduler.go:334.24,336.10 2 1
chronos-kubernetes-scheduler/internal/scheduler/batch_scheduler.go:337.19,341.27 4 1
chronos-kubernetes-scheduler/internal/scheduler/batch_scheduler.go:346.42,348.41 2 1
chronos-kubernetes-scheduler/internal/scheduler/batch_scheduler.go:348.41,349.17 1 1
chronos-kubernetes-scheduler/internal/scheduler/batch_scheduler.go:349.17,351.4 1 1
chronos-kubernetes-scheduler/internal/scheduler/batch_scheduler.go:352.3,352.9 1 1
chronos-kubernetes-scheduler/internal/scheduler/batch_scheduler.go:355.2,355.34 1 1
chronos-kubernetes-scheduler/internal/scheduler/batch_scheduler.go:355.34,357.3 1 1
chronos-kubernetes-scheduler/internal/scheduler/batch_scheduler.go:358.2,358.15 1 1
chronos-kubernetes-scheduler/internal/scheduler/batch_scheduler.go:358.15,359.35 1 1
chronos-kubernetes-scheduler/internal/scheduler/batch_scheduler.go:359.35,361.4 1 1
chronos-kubernetes-scheduler/internal/scheduler/batch_scheduler.go:364.2,367.24 3 1
chronos-kubernetes-scheduler/internal/scheduler/batch_scheduler.go:367.24,370.3 2 0
chronos-kubernetes-scheduler/internal/scheduler/batch_scheduler.go:372.2,373.35 2 1
chronos-kubernetes-scheduler/internal/scheduler/batch_scheduler.go:373.35,374.17 1 1
chronos-kubernetes-scheduler/internal/scheduler/batch_scheduler.go:374.17,376.4 1 0
chronos-kubernetes-scheduler/internal/scheduler/batch_scheduler.go:376.9,378.4 1 1
chronos-kubernetes-scheduler/internal/scheduler/batch_scheduler.go:379.3,379.9 1 1
chronos-kubernetes-scheduler/internal/scheduler/batch_scheduler.go:381.2,390.29 7 1
chronos-kubernetes-scheduler/internal/scheduler/batch_scheduler.go:390.29,392.3 1 0
chronos-kubernetes-scheduler/internal/scheduler/batch_scheduler.go:394.2,394.147 1 1
chronos-kubernetes-scheduler/internal/scheduler/batch_scheduler.go:397.65,403.16 3 1
chronos-kubernetes-scheduler/internal/scheduler/batch_scheduler.go:403.16,405.3 1 1
chronos-kubernetes-scheduler/internal/scheduler/batch_scheduler.go:407.2,408.31 2 1
chronos-kubernetes-scheduler/internal/scheduler/batch_scheduler.go:408.31,410.30 2 1
chronos-kubernetes-scheduler/internal/scheduler/batch_scheduler.go:410.30,411.59 1 1
chronos-kubernetes-scheduler/internal/scheduler/batch_scheduler.go:411.59,413.5 1 1
chronos-kubernetes-scheduler/internal/scheduler/batch_scheduler.go:417.2,417.53 1 1
chronos-kubernetes-scheduler/internal/scheduler/batch_scheduler.go:417.53,418.51 1 1
chronos-kubernetes-scheduler/internal/scheduler/batch_scheduler.go:418.51,420.4 1 1
chronos-kubernetes-scheduler/internal/scheduler/batch_scheduler.go:421.3,421.63 1 1
chronos-kubernetes-scheduler/internal/scheduler/batch_scheduler.go:423.2,423.29 1 1
chronos-kubernetes-scheduler/internal/scheduler/batch_scheduler.go:426.78,428.27 2 1
chronos-kubernetes-scheduler/internal/scheduler/batch_scheduler.go:428.27,429.75 1 1
chronos-kubernetes-scheduler/internal/scheduler/batch_scheduler.go:429.75,430.87 1 1
chronos-kubernetes-scheduler/internal/scheduler/batch_scheduler.go:430.87,431.37 1 1
chronos-kubernetes-scheduler/internal/scheduler/batch_scheduler.go:431.37,437.6 2 1
chronos-kubernetes-scheduler/internal/scheduler/batch_scheduler.go:437.11,441.6 2 1
chronos-kubernetes-scheduler/internal/scheduler/batch_scheduler.go:445.2,445.17 1 1
chronos-kubernetes-scheduler/internal/scheduler/batch_scheduler.go:448.66,449.37 1 1
chronos-kubernetes-scheduler/internal/scheduler/batch_scheduler.go:449.37,451.3 1 1
chronos-kubernetes-scheduler/internal/scheduler/batch_scheduler.go:452.2,452.48 1 1
chronos-kubernetes-scheduler/internal/scheduler/batch_scheduler.go:452.48,453.31 1 1
chronos-kubernetes-scheduler/internal/scheduler/batch_scheduler.go:453.31,455.4 1 1
chronos-kubernetes-scheduler/internal/scheduler/batch_scheduler.go:457.2,457.13 1 1
chronos-kubernetes-scheduler/internal/scheduler/batch_scheduler.go:461.67,464.16 2 1
chronos-kubernetes-scheduler/internal/scheduler/batch_scheduler.go:464.16,469.3 3 1
chronos-kubernetes-scheduler/internal/scheduler/batch_scheduler.go:471.2,472.40 2 1
chronos-kubernetes-scheduler/internal/scheduler/batch_scheduler.go:472.40,474.30 2 1
chronos-kubernetes-scheduler/internal/scheduler/batch_scheduler.go:474.30,475.12 1 0
chronos-kubernetes-scheduler/internal/scheduler/batch_scheduler.go:477.3,477.47 1 1
chronos-kubernetes-scheduler/internal/scheduler/batch_scheduler.go:477.47,478.68 1 1
chronos-kubernetes-scheduler/internal/scheduler/batch_scheduler.go:478.68,480.10 2 1
chronos-kubernetes-scheduler/internal/scheduler/batch_scheduler.go:485.2,486.28 2 1
chronos-kubernetes-scheduler/internal/scheduler/batch_scheduler.go:490.78,495.34 4 1
chronos-kubernetes-scheduler/internal/scheduler/batch_scheduler.go:495.34,497.17 2 1
chronos-kubernetes-scheduler/internal/scheduler/batch_scheduler.go:497.17,499.34 2 1
chronos-kubernetes-scheduler/internal/scheduler/batch_scheduler.go:499.34,501.33 2 1
chronos-kubernetes-scheduler/internal/scheduler/batch_scheduler.go:501.33,502.50 1 1
chronos-kubernetes-scheduler/internal/scheduler/batch_scheduler.go:502.50,503.71 1 1
chronos-kubernetes-scheduler/internal/scheduler/batch_scheduler.go:503.71,505.13 2 1
chronos-kubernetes-scheduler/internal/scheduler/batch_scheduler.go:510.4,511.30 2 1
chronos-kubernetes-scheduler/internal/scheduler/batch_scheduler.go:513.3,515.19 3 1
chronos-kubernetes-scheduler/internal/scheduler/batch_scheduler.go:518.2,519.98 2 1
chronos-kubernetes-scheduler/internal/scheduler/batch_scheduler.go:522.81,524.29 2 1
chronos-kubernetes-scheduler/internal/scheduler/batch_scheduler.go:524.29,526.17 2 1
chronos-kubernetes-scheduler/internal/scheduler/batch_scheduler.go:526.17,528.12 2 0
chronos-kubernetes-scheduler/internal/scheduler/batch_scheduler.go:531.3,533.25 3 1
chronos-kubernetes-scheduler/internal/scheduler/batch_scheduler.go:533.25,535.4 1 1
chronos-kubernetes-scheduler/internal/scheduler/batch_scheduler.go:537.3,542.41 5 1
chronos-kubernetes-scheduler/internal/scheduler/batch_scheduler.go:542.41,547.4 3 1
chronos-kubernetes-scheduler/internal/scheduler/batch_scheduler.go:549.3,551.23 3 1
chronos-kubernetes-scheduler/internal/scheduler/batch_scheduler.go:551.23,553.4 1 0
chronos-kubernetes-scheduler/internal/scheduler/batch_scheduler.go:554.3,554.26 1 1
chronos-kubernetes-scheduler/internal/scheduler/batch_scheduler.go:554.26,556.4 1 0
chronos-kubernetes-scheduler/internal/scheduler/batch_scheduler.go:558.3,565.4 1 1
chronos-kubernetes-scheduler/internal/scheduler/batch_scheduler.go:567.2,567.19 1 1
chronos-kubernetes-scheduler/internal/scheduler/batch_scheduler.go:570.158,571.43 1 1
chronos-kubernetes-scheduler/internal/scheduler/batch_scheduler.go:571.43,573.43 2 1
chronos-kubernetes-scheduler/internal/scheduler/batch_scheduler.go:573.43,575.4 1 1
chronos-kubernetes-scheduler/internal/scheduler/batch_scheduler.go:576.3,577.43 2 1
chronos-kubernetes-scheduler/internal/scheduler/batch_scheduler.go:577.43,579.4 1 1
chronos-kubernetes-scheduler/internal/scheduler/batch_scheduler.go:581.3,581.21 1 1
chronos-kubernetes-scheduler/internal/scheduler/batch_scheduler.go:581.21,583.4 1 1
chronos-kubernetes-scheduler/internal/scheduler/batch_scheduler.go:584.3,584.69 1 0
chronos-kubernetes-scheduler/internal/scheduler/batch_scheduler.go:587.2,590.31 3 1
chronos-kubernetes-scheduler/internal/scheduler/batch_scheduler.go:590.31,597.39 4 1
chronos-kubernetes-scheduler/internal/scheduler/batch_scheduler.go:597.39,598.115 1 1
chronos-kubernetes-scheduler/internal/scheduler/batch_scheduler.go:598.115,599.13 1 1
chronos-kubernetes-scheduler/internal/scheduler/batch_scheduler.go:601.4,601.52 1 1
chronos-kubernetes-scheduler/internal/scheduler/batch_scheduler.go:601.52,602.13 1 1
chronos-kubernetes-scheduler/internal/scheduler/batch_scheduler.go:604.4,604.41 1 1
chronos-kubernetes-scheduler/internal/scheduler/batch_scheduler.go:604.41,605.13 1 0
chronos-kubernetes-scheduler/internal/scheduler/batch_scheduler.go:608.4,610.25 3 1
chronos-kubernetes-scheduler/internal/scheduler/batch_scheduler.go:610.25,613.5 2 1
chronos-kubernetes-scheduler/internal/scheduler/batch_scheduler.go:616.3,616.25 1 1
chronos-kubernetes-scheduler/internal/scheduler/batch_scheduler.go:616.25,617.40 1 1
chronos-kubernetes-scheduler/internal/scheduler/batch_scheduler.go:617.40,619.5 1 1
chronos-kubernetes-scheduler/internal/scheduler/batch_scheduler.go:620.4,627.56 7 1
chronos-kubernetes-scheduler/internal/scheduler/batch_scheduler.go:627.56,629.5 1 1
chronos-kubernetes-scheduler/internal/scheduler/batch_scheduler.go:633.2,634.31 2 1
chronos-kubernetes-scheduler/internal/scheduler/batch_scheduler.go:634.31,635.34 1 1
chronos-kubernetes-scheduler/internal/scheduler/batch_scheduler.go:635.34,637.4 1 1
chronos-kubernetes-scheduler/internal/scheduler/batch_scheduler.go:639.2,639.36 1 1
chronos-kubernetes-scheduler/internal/scheduler/batch_scheduler.go:642.77,644.16 2 1
chronos-kubernetes-scheduler/internal/scheduler/batch_scheduler.go:644.16,647.3 2 1
chronos-kubernetes-scheduler/internal/scheduler/batch_scheduler.go:648.2,649.27 2 1
chronos-kubernetes-scheduler/internal/scheduler/batch_scheduler.go:652.80,653.34 1 1
chronos-kubernetes-scheduler/internal/scheduler/batch_scheduler.go:653.34,655.3 1 1
chronos-kubernetes-scheduler/internal/scheduler/batch_scheduler.go:656.2,656.48 1 1
chronos-kubernetes-scheduler/internal/scheduler/batch_scheduler.go:656.48,658.37 2 1
chronos-kubernetes-scheduler/internal/scheduler/batch_scheduler.go:658.37,660.4 1 1
chronos-kubernetes-scheduler/internal/scheduler/batch_scheduler.go:662.2,662.13 1 1
chronos-kubernetes-scheduler/internal/scheduler/batch_scheduler.go:665.113,666.37 1 1
chronos-kubernetes-scheduler/internal/scheduler/batch_scheduler.go:666.37,668.36 2 1
chronos-kubernetes-scheduler/internal/scheduler/batch_scheduler.go:668.36,674.37 2 1
chronos-kubernetes-scheduler/internal/scheduler/batch_scheduler.go:674.37,676.10 2 0
chronos-kubernetes-scheduler/internal/scheduler/batch_scheduler.go:680.3,680.31 1 1
chronos-kubernetes-scheduler/internal/scheduler/batch_scheduler.go:680.31,683.4 1 1
chronos-kubernetes-scheduler/internal/scheduler/batch_scheduler.go:687.106,693.41 5 1
chronos-kubernetes-scheduler/internal/scheduler/batch_scheduler.go:693.41,694.39 1 1
chronos-kubernetes-scheduler/internal/scheduler/batch_scheduler.go:694.39,696.40 2 1
chronos-kubernetes-scheduler/internal/scheduler/batch_scheduler.go:696.40,704.19 4 1
chronos-kubernetes-scheduler/internal/scheduler/batch_scheduler.go:704.19,710.6 5 1
chronos-kubernetes-scheduler/internal/scheduler/batch_scheduler.go:712.5,715.19 3 1
chronos-kubernetes-scheduler/internal/scheduler/batch_scheduler.go:715.19,717.6 1 1
chronos-kubernetes-scheduler/internal/scheduler/batch_scheduler.go:718.5,718.26 1 1
chronos-kubernetes-scheduler/internal/scheduler/batch_scheduler.go:722.2,723.42 2 1
chronos-kubernetes-scheduler/internal/scheduler/batch_scheduler.go:726.66,728.16 2 1
chronos-kubernetes-scheduler/internal/scheduler/batch_scheduler.go:728.16,730.3 1 1
chronos-kubernetes-scheduler/internal/scheduler/batch_scheduler.go:732.2,732.29 1 1
chronos-kubernetes-scheduler/internal/scheduler/batch_scheduler.go:732.29,734.3 1 0
chronos-kubernetes-scheduler/internal/scheduler/batch_scheduler.go:735.2,738.22 3 1
chronos-kubernetes-scheduler/internal/scheduler/batch_scheduler.go:738.22,740.3 1 1
chronos-kubernetes-scheduler/internal/scheduler/batch_scheduler.go:741.2,741.12 1 1
chronos-kubernetes-scheduler/internal/scheduler/batch_scheduler.go:744.65,746.27 2 1
chronos-kubernetes-scheduler/internal/scheduler/batch_scheduler.go:746.27,748.22 2 1
chronos-kubernetes-scheduler/internal/scheduler/batch_scheduler.go:748.22,751.18 3 1
chronos-kubernetes-scheduler/internal/scheduler/batch_scheduler.go:751.18,754.5 2 1
chronos-kubernetes-scheduler/internal/scheduler/batch_scheduler.go:756.4,756.36 1 1
chronos-kubernetes-scheduler/internal/scheduler/batch_scheduler.go:756.36,758.5 1 1
chronos-kubernetes-scheduler/internal/scheduler/batch_scheduler.go:760.4,764.52 4 1
chronos-kubernetes-scheduler/internal/scheduler/batch_scheduler.go:764.52,767.32 2 1
chronos-kubernetes-scheduler/internal/scheduler/batch_scheduler.go:767.32,769.6 1 1
chronos-kubernetes-scheduler/internal/scheduler/batch_scheduler.go:770.5,771.126 2 1
chronos-kubernetes-scheduler/internal/scheduler/batch_scheduler.go:772.10,776.5 2 1
chronos-kubernetes-scheduler/internal/scheduler/batch_scheduler.go:778.4,779.24 2 1
chronos-kubernetes-scheduler/internal/scheduler/batch_scheduler.go:779.24,781.5 1 1
chronos-kubernetes-scheduler/internal/scheduler/batch_scheduler.go:784.2,784.11 1 1
chronos-kubernetes-scheduler/internal/scheduler/batch_scheduler.go:788.61,790.16 2 1
chronos-kubernetes-scheduler/internal/scheduler/batch_scheduler.go:790.16,793.3 2 1
chronos-kubernetes-scheduler/internal/scheduler/batch_scheduler.go:795.2,795.29 1 1
chronos-kubernetes-scheduler/internal/scheduler/batch_scheduler.go:795.29,797.3 1 1
chronos-kubernetes-scheduler/internal/scheduler/batch_scheduler.go:798.2,800.34 2 1
chronos-kubernetes-scheduler/internal/scheduler/batch_scheduler.go:800.34,802.3 1 0
chronos-kubernetes-scheduler/internal/scheduler/batch_scheduler.go:803.2,806.22 3 1
chronos-kubernetes-scheduler/internal/scheduler/batch_scheduler.go:806.22,808.3 1 0
chronos-kubernetes-scheduler/internal/scheduler/batch_scheduler.go:812.92,815.31 2 1
chronos-kubernetes-scheduler/internal/scheduler/batch_scheduler.go:815.31,817.41 2 1
chronos-kubernetes-scheduler/internal/scheduler/batch_scheduler.go:817.41,819.4 1 1
chronos-kubernetes-scheduler/internal/scheduler/batch_scheduler.go:819.9,821.4 1 1
chronos-kubernetes-scheduler/internal/scheduler/batch_scheduler.go:822.3,822.34 1 1
chronos-kubernetes-scheduler/internal/scheduler/batch_scheduler.go:825.2,826.36 2 1
chronos-kubernetes-scheduler/internal/scheduler/batch_scheduler.go:826.36,828.3 1 1
chronos-kubernetes-scheduler/internal/scheduler/batch_scheduler.go:830.2,830.24 1 1
chronos-kubernetes-scheduler/internal/scheduler/batch_scheduler.go:834.87,835.28 1 1
chronos-kubernetes-scheduler/internal/scheduler/batch_scheduler.go:835.28,837.3 1 1
chronos-kubernetes-scheduler/internal/scheduler/batch_scheduler.go:839.2,841.30 3 1
chronos-kubernetes-scheduler/internal/scheduler/batch_scheduler.go:841.30,843.3 1 1
chronos-kubernetes-scheduler/internal/scheduler/batch_scheduler.go:844.2,846.25 2 1
chronos-kubernetes-scheduler/internal/scheduler/batch_scheduler.go:846.25,848.3 1 1
chronos-kubernetes-scheduler/internal/scheduler/batch_scheduler.go:850.2,850.33 1 1
chronos-kubernetes-scheduler/internal/scheduler/batch_scheduler.go:854.87,855.23 1 1
chronos-kubernetes-scheduler/internal/scheduler/batch_scheduler.go:855.23,857.3 1 1
chronos-kubernetes-scheduler/internal/scheduler/batch_scheduler.go:860.2,862.29 3 1
chronos-kubernetes-scheduler/internal/scheduler/batch_scheduler.go:862.29,863.34 1 1
chronos-kubernetes-scheduler/internal/scheduler/batch_scheduler.go:863.34,865.59 2 1
chronos-kubernetes-scheduler/internal/scheduler/batch_scheduler.go:865.59,867.5 1 1
chronos-kubernetes-scheduler/internal/scheduler/batch_scheduler.go:867.10,869.5 1 1
chronos-kubernetes-scheduler/internal/scheduler/batch_scheduler.go:870.9,870.24 1 1
chronos-kubernetes-scheduler/internal/scheduler/batch_scheduler.go:870.24,872.4 1 1
chronos-kubernetes-scheduler/internal/scheduler/batch_scheduler.go:875.2,875.88 1 1
chronos-kubernetes-scheduler/internal/scheduler/plugin.go:33.95,43.61 5 1
chronos-kubernetes-scheduler/internal/scheduler/plugin.go:43.61,46.3 2 1
chronos-kubernetes-scheduler/internal/scheduler/plugin.go:46.8,46.51 1 1
chronos-kubernetes-scheduler/internal/scheduler/plugin.go:46.51,51.3 4 1
chronos-kubernetes-scheduler/internal/scheduler/plugin.go:51.8,54.3 2 1
chronos-kubernetes-scheduler/internal/scheduler/plugin.go:56.2,56.21 1 1
chronos-kubernetes-scheduler/internal/scheduler/plugin.go:59.33,61.2 1 1
chronos-kubernetes-scheduler/internal/scheduler/plugin.go:63.130,67.9 3 1
chronos-kubernetes-scheduler/internal/scheduler/plugin.go:67.9,69.3 1 1
chronos-kubernetes-scheduler/internal/scheduler/plugin.go:71.2,71.24 1 1
chronos-kubernetes-scheduler/internal/scheduler/plugin.go:71.24,72.58 1 1
chronos-kubernetes-scheduler/internal/scheduler/plugin.go:72.58,75.4 2 1
chronos-kubernetes-scheduler/internal/scheduler/plugin.go:77.3,78.51 2 0
chronos-kubernetes-scheduler/internal/scheduler/plugin.go:81.2,82.16 2 1
chronos-kubernetes-scheduler/internal/scheduler/plugin.go:82.16,85.3 2 1
chronos-kubernetes-scheduler/internal/scheduler/plugin.go:86.2,89.16 3 1
chronos-kubernetes-scheduler/internal/scheduler/plugin.go:89.16,92.3 2 1
chronos-kubernetes-scheduler/internal/scheduler/plugin.go:94.2,100.54 4 1
chronos-kubernetes-scheduler/internal/scheduler/plugin.go:103.87,104.20 1 1
chronos-kubernetes-scheduler/internal/scheduler/plugin.go:104.20,106.3 1 1
chronos-kubernetes-scheduler/internal/scheduler/plugin.go:107.2,109.31 3 1
chronos-kubernetes-scheduler/internal/scheduler/plugin.go:109.31,111.78 2 1
chronos-kubernetes-scheduler/internal/scheduler/plugin.go:111.78,112.12 1 1
chronos-kubernetes-scheduler/internal/scheduler/plugin.go:114.3,115.14 2 1
chronos-kubernetes-scheduler/internal/scheduler/plugin.go:115.14,116.12 1 1
chronos-kubernetes-scheduler/internal/scheduler/plugin.go:119.3,121.17 3 1
chronos-kubernetes-scheduler/internal/scheduler/plugin.go:121.17,123.4 1 1
chronos-kubernetes-scheduler/internal/scheduler/plugin.go:123.9,125.19 2 1
chronos-kubernetes-scheduler/internal/scheduler/plugin.go:125.19,126.13 1 1
chronos-kubernetes-scheduler/internal/scheduler/plugin.go:128.4,128.38 1 0
chronos-kubernetes-scheduler/internal/scheduler/plugin.go:131.3,131.20 1 1
chronos-kubernetes-scheduler/internal/scheduler/plugin.go:131.20,132.12 1 0
chronos-kubernetes-scheduler/internal/scheduler/plugin.go:135.3,136.34 2 1
chronos-kubernetes-scheduler/internal/scheduler/plugin.go:136.34,138.4 1 1
chronos-kubernetes-scheduler/internal/scheduler/plugin.go:138.9,138.37 1 1
chronos-kubernetes-scheduler/internal/scheduler/plugin.go:138.37,140.4 1 1
chronos-kubernetes-scheduler/internal/scheduler/plugin.go:140.9,141.12 1 1
chronos-kubernetes-scheduler/internal/scheduler/plugin.go:143.3,144.27 2 1
chronos-kubernetes-scheduler/internal/scheduler/plugin.go:144.27,146.4 1 1
chronos-kubernetes-scheduler/internal/scheduler/plugin.go:147.3,147.42 1 1
chronos-kubernetes-scheduler/internal/scheduler/plugin.go:147.42,149.4 1 1
chronos-kubernetes-scheduler/internal/scheduler/plugin.go:151.2,151.25 1 1
chronos-kubernetes-scheduler/internal/scheduler/plugin.go:154.99,155.39 1 1
chronos-kubernetes-scheduler/internal/scheduler/plugin.go:155.39,157.3 1 1
chronos-kubernetes-scheduler/internal/scheduler/plugin.go:158.2,158.25 1 1
chronos-kubernetes-scheduler/internal/scheduler/plugin.go:165.136,178.26 7 1
chronos-kubernetes-scheduler/internal/scheduler/plugin.go:178.26,179.41 1 1
chronos-kubernetes-scheduler/internal/scheduler/plugin.go:179.41,184.4 4 1
chronos-kubernetes-scheduler/internal/scheduler/plugin.go:184.9,190.4 5 1
chronos-kubernetes-scheduler/internal/scheduler/plugin.go:191.8,196.3 4 1
chronos-kubernetes-scheduler/internal/scheduler/plugin.go:198.2,209.14 2 1
chronos-kubernetes-scheduler/internal/scheduler/plugin.go:212.63,214.2 1 1
chronos-kubernetes-scheduler/internal/scheduler/plugin.go:216.147,219.35 2 1
chronos-kubernetes-scheduler/internal/scheduler/plugin.go:219.35,220.33 1 1
chronos-kubernetes-scheduler/internal/scheduler/plugin.go:220.33,222.4 1 1
chronos-kubernetes-scheduler/internal/scheduler/plugin.go:223.3,223.33 1 1
chronos-kubernetes-scheduler/internal/scheduler/plugin.go:223.33,225.4 1 1
chronos-kubernetes-scheduler/internal/scheduler/plugin.go:228.2,228.26 1 1
chronos-kubernetes-scheduler/internal/scheduler/plugin.go:228.26,229.25 1 1
chronos-kubernetes-scheduler/internal/scheduler/plugin.go:229.25,231.4 1 1
chronos-kubernetes-scheduler/internal/scheduler/plugin.go:232.3,232.13 1 1
chronos-kubernetes-scheduler/internal/scheduler/plugin.go:235.2,235.35 1 1
chronos-kubernetes-scheduler/internal/scheduler/plugin.go:235.35,239.3 3 1
chronos-kubernetes-scheduler/internal/scheduler/plugin.go:241.2,241.12 1 1
